  Game.cpp
C:\Program Files (x86)\Windows Kits\10\Include\10.0.22621.0\um\winbase.h(7794,48): warning C5039: 'TpSetCallbackCleanupGroup': -EHc 아래의 'extern "C"' 함수로 전달되는 잠재적인 throw 함수에 대한 포인터 또는 참조입니다. 이 함수가 예외를 throw하는 경우 정의되지 않은 동작이 발생할 수 있습니다.
C:\Program Files (x86)\Windows Kits\10\Include\10.0.22621.0\um\winioctl.h(10847,22): warning C4668: '_WIN32_WINNT_WIN10_TH2'은(는) 전처리기 매크로로 정의되어 있지 않으므로 '#if/#elif'에 해당하는 '0'으로 바뀝니다.
C:\Program Files (x86)\Windows Kits\10\Include\10.0.22621.0\um\winioctl.h(10853,22): warning C4668: '_WIN32_WINNT_WIN10_RS1'은(는) 전처리기 매크로로 정의되어 있지 않으므로 '#if/#elif'에 해당하는 '0'으로 바뀝니다.
C:\Program Files (x86)\Windows Kits\10\Include\10.0.22621.0\um\winioctl.h(10858,22): warning C4668: '_WIN32_WINNT_WIN10_TH2'은(는) 전처리기 매크로로 정의되어 있지 않으므로 '#if/#elif'에 해당하는 '0'으로 바뀝니다.
C:\Program Files (x86)\Windows Kits\10\Include\10.0.22621.0\um\winioctl.h(10863,22): warning C4668: '_WIN32_WINNT_WIN10_TH2'은(는) 전처리기 매크로로 정의되어 있지 않으므로 '#if/#elif'에 해당하는 '0'으로 바뀝니다.
C:\Program Files (x86)\Windows Kits\10\Include\10.0.22621.0\um\winioctl.h(10870,22): warning C4668: '_WIN32_WINNT_WIN10_RS1'은(는) 전처리기 매크로로 정의되어 있지 않으므로 '#if/#elif'에 해당하는 '0'으로 바뀝니다.
C:\Program Files (x86)\Windows Kits\10\Include\10.0.22621.0\um\winioctl.h(10875,22): warning C4668: '_WIN32_WINNT_WIN10_RS2'은(는) 전처리기 매크로로 정의되어 있지 않으므로 '#if/#elif'에 해당하는 '0'으로 바뀝니다.
C:\Program Files (x86)\Windows Kits\10\Include\10.0.22621.0\um\winioctl.h(10886,22): warning C4668: '_WIN32_WINNT_WIN10_RS2'은(는) 전처리기 매크로로 정의되어 있지 않으므로 '#if/#elif'에 해당하는 '0'으로 바뀝니다.
C:\Program Files (x86)\Windows Kits\10\Include\10.0.22621.0\um\winioctl.h(10891,22): warning C4668: '_WIN32_WINNT_WIN10_TH2'은(는) 전처리기 매크로로 정의되어 있지 않으므로 '#if/#elif'에 해당하는 '0'으로 바뀝니다.
C:\Program Files (x86)\Windows Kits\10\Include\10.0.22621.0\um\winioctl.h(10897,22): warning C4668: '_WIN32_WINNT_WIN10_RS3'은(는) 전처리기 매크로로 정의되어 있지 않으므로 '#if/#elif'에 해당하는 '0'으로 바뀝니다.
C:\Program Files (x86)\Windows Kits\10\Include\10.0.22621.0\um\winioctl.h(10905,22): warning C4668: '_WIN32_WINNT_WIN10_RS4'은(는) 전처리기 매크로로 정의되어 있지 않으므로 '#if/#elif'에 해당하는 '0'으로 바뀝니다.
C:\Program Files (x86)\Windows Kits\10\Include\10.0.22621.0\um\winioctl.h(10909,22): warning C4668: '_WIN32_WINNT_WIN10_RS1'은(는) 전처리기 매크로로 정의되어 있지 않으므로 '#if/#elif'에 해당하는 '0'으로 바뀝니다.
C:\Program Files (x86)\Windows Kits\10\Include\10.0.22621.0\um\winioctl.h(10913,22): warning C4668: '_WIN32_WINNT_WIN10_RS4'은(는) 전처리기 매크로로 정의되어 있지 않으므로 '#if/#elif'에 해당하는 '0'으로 바뀝니다.
C:\Program Files (x86)\Windows Kits\10\Include\10.0.22621.0\um\winioctl.h(10918,22): warning C4668: '_WIN32_WINNT_WIN10_RS1'은(는) 전처리기 매크로로 정의되어 있지 않으므로 '#if/#elif'에 해당하는 '0'으로 바뀝니다.
C:\Program Files (x86)\Windows Kits\10\Include\10.0.22621.0\um\winioctl.h(10921,22): warning C4668: '_WIN32_WINNT_WIN10_RS5'은(는) 전처리기 매크로로 정의되어 있지 않으므로 '#if/#elif'에 해당하는 '0'으로 바뀝니다.
C:\Program Files (x86)\Windows Kits\10\Include\10.0.22621.0\um\winioctl.h(11155,22): warning C4668: '_WIN32_WINNT_WIN10_RS2'은(는) 전처리기 매크로로 정의되어 있지 않으므로 '#if/#elif'에 해당하는 '0'으로 바뀝니다.
C:\Program Files (x86)\Windows Kits\10\Include\10.0.22621.0\um\winioctl.h(11179,22): warning C4668: '_WIN32_WINNT_WIN10_RS5'은(는) 전처리기 매크로로 정의되어 있지 않으므로 '#if/#elif'에 해당하는 '0'으로 바뀝니다.
C:\Program Files (x86)\Windows Kits\10\Include\10.0.22621.0\um\winioctl.h(14683,22): warning C4668: '_WIN32_WINNT_WIN10_RS5'은(는) 전처리기 매크로로 정의되어 있지 않으므로 '#if/#elif'에 해당하는 '0'으로 바뀝니다.
C:\Program Files (x86)\Windows Kits\10\Include\10.0.22621.0\um\winioctl.h(14885,22): warning C4668: '_WIN32_WINNT_WIN10_RS5'은(는) 전처리기 매크로로 정의되어 있지 않으므로 '#if/#elif'에 해당하는 '0'으로 바뀝니다.
C:\Program Files (x86)\Windows Kits\10\Include\10.0.22621.0\um\winioctl.h(14988,22): warning C4668: '_WIN32_WINNT_WIN10_RS5'은(는) 전처리기 매크로로 정의되어 있지 않으므로 '#if/#elif'에 해당하는 '0'으로 바뀝니다.
C:\Program Files (x86)\Windows Kits\10\Include\10.0.22621.0\um\winioctl.h(15084,21): warning C4668: '_WIN32_WINNT_WIN10_RS5'은(는) 전처리기 매크로로 정의되어 있지 않으므로 '#if/#elif'에 해당하는 '0'으로 바뀝니다.
C:\Program Files (x86)\Windows Kits\10\Include\10.0.22621.0\um\winioctl.h(15188,22): warning C4668: '_WIN32_WINNT_WIN10_RS5'은(는) 전처리기 매크로로 정의되어 있지 않으므로 '#if/#elif'에 해당하는 '0'으로 바뀝니다.
C:\Program Files (x86)\Windows Kits\10\Include\10.0.22621.0\um\winioctl.h(15932,23): warning C4668: '_WIN32_WINNT_WIN10_RS2'은(는) 전처리기 매크로로 정의되어 있지 않으므로 '#if/#elif'에 해당하는 '0'으로 바뀝니다.
C:\Program Files (x86)\Windows Kits\10\Include\10.0.22621.0\um\winioctl.h(16020,22): warning C4668: '_WIN32_WINNT_WIN10_RS2'은(는) 전처리기 매크로로 정의되어 있지 않으므로 '#if/#elif'에 해당하는 '0'으로 바뀝니다.
C:\Program Files (x86)\Windows Kits\10\Include\10.0.22621.0\um\winioctl.h(16146,22): warning C4668: '_WIN32_WINNT_WIN10_RS3'은(는) 전처리기 매크로로 정의되어 있지 않으므로 '#if/#elif'에 해당하는 '0'으로 바뀝니다.
C:\Program Files (x86)\Windows Kits\10\Include\10.0.22621.0\um\winioctl.h(16295,22): warning C4668: '_WIN32_WINNT_WIN10_RS4'은(는) 전처리기 매크로로 정의되어 있지 않으므로 '#if/#elif'에 해당하는 '0'으로 바뀝니다.
C:\Program Files (x86)\Windows Kits\10\Include\10.0.22621.0\um\winioctl.h(16308,22): warning C4668: '_WIN32_WINNT_WIN10_RS4'은(는) 전처리기 매크로로 정의되어 있지 않으므로 '#if/#elif'에 해당하는 '0'으로 바뀝니다.
C:\Program Files (x86)\Windows Kits\10\Include\10.0.22621.0\um\winioctl.h(16537,22): warning C4668: '_WIN32_WINNT_WIN10_RS1'은(는) 전처리기 매크로로 정의되어 있지 않으므로 '#if/#elif'에 해당하는 '0'으로 바뀝니다.
C:\Coding\kyunghee-2023_3grade_First_semeseter-\Game_Graphics_Programming\source\Library\Game\Game.cpp(113): warning C4715: 'WindowProc': 모든 제어 경로에서 값을 반환하지는 않습니다.
  Library.vcxproj -> C:\Coding\kyunghee-2023_3grade_First_semeseter-\Game_Graphics_Programming\build\x64\Debug\Libraryd.lib
  하위 디렉터리 또는 파일 C:\Coding\kyunghee-2023_3grade_First_semeseter-\Game_Graphics_Programming\build\..\Library\x64\Debug이(가) 이미 있습니다.
  C:\Coding\kyunghee-2023_3grade_First_semeseter-\Game_Graphics_Programming\build\x64\Debug\Game.pdb
  C:\Coding\kyunghee-2023_3grade_First_semeseter-\Game_Graphics_Programming\build\x64\Debug\Library.idb
  C:\Coding\kyunghee-2023_3grade_First_semeseter-\Game_Graphics_Programming\build\x64\Debug\Library.lib
  C:\Coding\kyunghee-2023_3grade_First_semeseter-\Game_Graphics_Programming\build\x64\Debug\Library.pdb
  C:\Coding\kyunghee-2023_3grade_First_semeseter-\Game_Graphics_Programming\build\x64\Debug\Libraryd.idb
  C:\Coding\kyunghee-2023_3grade_First_semeseter-\Game_Graphics_Programming\build\x64\Debug\Libraryd.lib
  C:\Coding\kyunghee-2023_3grade_First_semeseter-\Game_Graphics_Programming\build\x64\Debug\Libraryd.pdb
          7개 파일이 복사되었습니다.
